2015/09/20 06:26:37 [error] [exception.CHttpException.404] exception 'CHttpException' with message 'The system is unable to find the requested action "SP01".' in C:\xampp\htdocs\yii\framework\web\CController.php:483
Stack trace:
#0 C:\xampp\htdocs\yii\framework\web\CController.php(270): CController->missingAction('SP01')
#1 C:\xampp\htdocs\yii\framework\web\CWebApplication.php(282): CController->run('SP01')
#2 C:\xampp\htdocs\yii\framework\web\CWebApplication.php(141): CWebApplication->runController('tblsanpham/SP01')
#3 C:\xampp\htdocs\yii\framework\base\CApplication.php(184): CWebApplication->processRequest()
#4 C:\xampp\htdocs\ThucTapTotNghiep\index.php(13): CApplication->run()
#5 {main}
REQUEST_URI=/ThucTapTotNghiep/index.php/tblsanpham/SP01
HTTP_REFERER=http://localhost:8080/ThucTapTotNghiep/index.php/tblsanpham
---
2015/09/20 06:26:54 [error] [exception.CHttpException.400] exception 'CHttpException' with message 'Your request is invalid.' in C:\xampp\htdocs\yii\framework\web\CController.php:336
Stack trace:
#0 C:\xampp\htdocs\yii\framework\web\CController.php(309): CController->invalidActionParams(Object(CInlineAction))
#1 C:\xampp\htdocs\yii\framework\web\filters\CFilterChain.php(133): CController->runAction(Object(CInlineAction))
#2 C:\xampp\htdocs\yii\framework\web\filters\CFilter.php(40): CFilterChain->run()
#3 C:\xampp\htdocs\yii\framework\web\CController.php(1145): CFilter->filter(Object(CFilterChain))
#4 C:\xampp\htdocs\yii\framework\web\filters\CInlineFilter.php(58): CController->filterAccessControl(Object(CFilterChain))
#5 C:\xampp\htdocs\yii\framework\web\filters\CFilterChain.php(130): CInlineFilter->filter(Object(CFilterChain))
#6 C:\xampp\htdocs\yii\framework\web\CController.php(291): CFilterChain->run()
#7 C:\xampp\htdocs\yii\framework\web\CController.php(265): CController->runActionWithFilters(Object(CInlineAction), Array)
#8 C:\xampp\htdocs\yii\framework\web\CWebApplication.php(282): CController->run('update')
#9 C:\xampp\htdocs\yii\framework\web\CWebApplication.php(141): CWebApplication->runController('tblsanpham/upda...')
#10 C:\xampp\htdocs\yii\framework\base\CApplication.php(184): CWebApplication->processRequest()
#11 C:\xampp\htdocs\ThucTapTotNghiep\index.php(13): CApplication->run()
#12 {main}
REQUEST_URI=/ThucTapTotNghiep/index.php/tblsanpham/update/SP01
HTTP_REFERER=http://localhost:8080/ThucTapTotNghiep/index.php/tblsanpham/admin
---
2015/09/20 06:27:10 [error] [exception.CHttpException.404] exception 'CHttpException' with message 'The system is unable to find the requested action "SP01".' in C:\xampp\htdocs\yii\framework\web\CController.php:483
Stack trace:
#0 C:\xampp\htdocs\yii\framework\web\CController.php(270): CController->missingAction('SP01')
#1 C:\xampp\htdocs\yii\framework\web\CWebApplication.php(282): CController->run('SP01')
#2 C:\xampp\htdocs\yii\framework\web\CWebApplication.php(141): CWebApplication->runController('tblsanpham/SP01')
#3 C:\xampp\htdocs\yii\framework\base\CApplication.php(184): CWebApplication->processRequest()
#4 C:\xampp\htdocs\ThucTapTotNghiep\index.php(13): CApplication->run()
#5 {main}
REQUEST_URI=/ThucTapTotNghiep/index.php/tblsanpham/SP01
HTTP_REFERER=http://localhost:8080/ThucTapTotNghiep/index.php/tblsanpham/admin
---
2015/09/20 06:27:43 [error] [exception.CHttpException.404] exception 'CHttpException' with message 'The system is unable to find the requested action "SP01".' in C:\xampp\htdocs\yii\framework\web\CController.php:483
Stack trace:
#0 C:\xampp\htdocs\yii\framework\web\CController.php(270): CController->missingAction('SP01')
#1 C:\xampp\htdocs\yii\framework\web\CWebApplication.php(282): CController->run('SP01')
#2 C:\xampp\htdocs\yii\framework\web\CWebApplication.php(141): CWebApplication->runController('tblsanpham/SP01')
#3 C:\xampp\htdocs\yii\framework\base\CApplication.php(184): CWebApplication->processRequest()
#4 C:\xampp\htdocs\ThucTapTotNghiep\index.php(13): CApplication->run()
#5 {main}
REQUEST_URI=/ThucTapTotNghiep/index.php/tblsanpham/SP01
HTTP_REFERER=http://localhost:8080/ThucTapTotNghiep/index.php/tblsanpham/admin
---
